\BOOKMARK [0][-]{chapter.1}{Projekt/ Projektziele}{}% 1
\BOOKMARK [1][-]{section.1.1}{Projektbeschreibung}{chapter.1}% 2
\BOOKMARK [1][-]{section.1.2}{Zielbeschreibung}{chapter.1}% 3
\BOOKMARK [0][-]{chapter.2}{Projektumfeld, Stakeholder}{}% 4
\BOOKMARK [1][-]{section.2.1}{Umfeldfaktoren}{chapter.2}% 5
\BOOKMARK [1][-]{section.2.2}{Stakeholder}{chapter.2}% 6
\BOOKMARK [0][-]{chapter.3}{Risikoanalyse}{}% 7
\BOOKMARK [1][-]{section.3.1}{Erfassung, Klassifizierung und Beschreibung von Risiken}{chapter.3}% 8
\BOOKMARK [1][-]{section.3.2}{Quantitative Bewertung der Risiken und Ma\337nahmen zur Risikobegegnung}{chapter.3}% 9
\BOOKMARK [0][-]{chapter.4}{Projektorganisation}{}% 10
\BOOKMARK [1][-]{section.4.1}{Organisationsformen des Projektes}{chapter.4}% 11
\BOOKMARK [1][-]{section.4.2}{Kommunikation}{chapter.4}% 12
\BOOKMARK [0][-]{chapter.5}{Phasenplanung}{}% 13
\BOOKMARK [1][-]{section.5.1}{Beschreibung der Projektphasen und Meilensteine}{chapter.5}% 14
\BOOKMARK [1][-]{section.5.2}{Der Phasenplan}{chapter.5}% 15
\BOOKMARK [0][-]{chapter.6}{Projektstrukturplan}{}% 16
\BOOKMARK [1][-]{section.6.1}{Darstellung und Codierung des PSP}{chapter.6}% 17
\BOOKMARK [1][-]{section.6.2}{Arbeitspaketbeschreibung}{chapter.6}% 18
\BOOKMARK [0][-]{chapter.7}{Ablauf- und Terminplanung}{}% 19
\BOOKMARK [1][-]{section.7.1}{Vorgangsliste}{chapter.7}% 20
\BOOKMARK [1][-]{section.7.2}{Balkenplan}{chapter.7}% 21
\BOOKMARK [0][-]{chapter.8}{Einsatzmittel- /Kostenplanung}{}% 22
\BOOKMARK [1][-]{section.8.1}{Einsatzmittelbedarf / Einsatzmittelplan}{chapter.8}% 23
\BOOKMARK [1][-]{section.8.2}{Projektkosten}{chapter.8}% 24
\BOOKMARK [0][-]{chapter.9}{Verhaltenskompetenz}{}% 25
\BOOKMARK [1][-]{section.9.1}{Konflikte und Krisen}{chapter.9}% 26
\BOOKMARK [1][-]{section.9.2}{Ergebnisorientierung}{chapter.9}% 27
\BOOKMARK [0][-]{chapter.10}{Verhaltenskompetenz}{}% 28
\BOOKMARK [1][-]{section.10.1}{Berichtswesen, Projektdokumentation}{chapter.10}% 29
\BOOKMARK [0][-]{section.10.1}{Abbildungsverzeichnis}{}% 30
\BOOKMARK [0][-]{chapter*.2}{Tabellenverzeichnis}{}% 31
