This is pdfTeX, Version 3.1415926-1.40.11 (TeX Live 2010) (format=pdflatex 2011.5.24)  23 JUL 2011 23:25
entering extended mode
 \write18 enabled.
 file:line:error style messages enabled.
 %&-line parsing enabled.
**11-102_ArneLandwehr_V1.0.tex
(./11-102_ArneLandwehr_V1.0.tex
LaTeX2e <2009/09/24>
Babel <v3.8l> and hyphenation patterns for english, dumylang, nohyphenation, ge
rman-x-2009-06-19, ngerman-x-2009-06-19, ancientgreek, ibycus, arabic, armenian
, basque, bulgarian, catalan, pinyin, coptic, croatian, czech, danish, dutch, u
kenglish, usenglishmax, esperanto, estonian, farsi, finnish, french, galician, 
german, ngerman, swissgerman, monogreek, greek, hungarian, icelandic, assamese,
 bengali, gujarati, hindi, kannada, malayalam, marathi, oriya, panjabi, tamil, 
telugu, indonesian, interlingua, irish, italian, kurmanji, lao, latin, latvian,
 lithuanian, mongolian, mongolianlmc, bokmal, nynorsk, polish, portuguese, roma
nian, russian, sanskrit, serbian, slovak, slovenian, spanish, swedish, turkish,
 turkmen, ukrainian, uppersorbian, welsh, loaded.
(/usr/local/texlive/2010/texmf-dist/tex/latex/koma-script/scrbook.cls
Document Class: scrbook 2010/06/17 v3.06 KOMA-Script document class (book)
(/usr/local/texlive/2010/texmf-dist/tex/latex/koma-script/scrkbase.sty
Package: scrkbase 2010/06/17 v3.06 KOMA-Script package (KOMA-Script-dependent b
asics and keyval usage)

(/usr/local/texlive/2010/texmf-dist/tex/latex/koma-script/scrbase.sty
Package: scrbase 2010/06/17 v3.06 KOMA-Script package (KOMA-Script-independent 
basics and keyval usage)

(/usr/local/texlive/2010/texmf-dist/tex/latex/graphics/keyval.sty
Package: keyval 1999/03/16 v1.13 key=value parser (DPC)
\KV@toks@=\toks14
)
(/usr/local/texlive/2010/texmf-dist/tex/latex/koma-script/scrlfile.sty
Package: scrlfile 2009/03/25 v3.03 KOMA-Script package (loading files)

Package scrlfile, 2009/03/25 v3.03 KOMA-Script package (loading files)
                  Copyright (C) Markus Kohm

))) (/usr/local/texlive/2010/texmf-dist/tex/latex/koma-script/tocbasic.sty
Package: tocbasic 2010/06/09 v3.06 KOMA-Script package (handling toc-files)
)
Package tocbasic Info: omitting babel extension for `toc'
(tocbasic)             because of feature `nobabel' available
(tocbasic)             for `toc' on input line 117.
Package tocbasic Info: omitting babel extension for `lof'
(tocbasic)             because of feature `nobabel' available
(tocbasic)             for `lof' on input line 118.
Package tocbasic Info: omitting babel extension for `lot'
(tocbasic)             because of feature `nobabel' available
(tocbasic)             for `lot' on input line 119.
Package scrbook Info: You've used obsolete option `12pt'.
(scrbook)             \KOMAExecuteOptions{fontsize=12pt} will be
(scrbook)             used instead.
(scrbook)             You may simply replace `12pt'
(scrbook)             by `fontsize=12pt'.
Class scrbook Info: You've used standard option `oneside'.
(scrbook)           This is correct!
(scrbook)           Internally I'm using `twoside=false'.
(scrbook)           If you'd like to set the option with \KOMAoptions,
(scrbook)           you'd have to use `twoside=false' there
(scrbook)           instead of `oneside', too.
Class scrbook Info: File `scrsize12pt.clo' used to setup font sizes on input li
ne 1310.

(/usr/local/texlive/2010/texmf-dist/tex/latex/koma-script/scrsize12pt.clo
File: scrsize12pt.clo 2010/06/17 v3.06 KOMA-Script font size class option (12pt
)
)
(/usr/local/texlive/2010/texmf-dist/tex/latex/koma-script/typearea.sty
Package: typearea 2010/06/17 v3.06 KOMA-Script package (type area)

Package typearea, 2010/06/17 v3.06 KOMA-Script package (type area)
                  Copyright (C) Frank Neukam, 1992-1994
                  Copyright (C) Markus Kohm, 1994-

\ta@bcor=\skip41
\ta@div=\count79
Package typearea Info: You've used standard option `a4paper'.
(typearea)             This is correct!
(typearea)             Internally I'm using `paper=a4'.
(typearea)             If you'd like to set the option with \KOMAoptions,
(typearea)             you'd have to use `paper=a4' there
(typearea)             instead of `a4paper', too.
Package typearea Info: You've used standard option `oneside'.
(typearea)             This is correct!
(typearea)             Internally I'm using `twoside=false'.
(typearea)             If you'd like to set the option with \KOMAoptions,
(typearea)             you'd have to use `twoside=false' there
(typearea)             instead of `oneside', too.
\ta@hblk=\skip42
\ta@vblk=\skip43
\ta@temp=\skip44
Package typearea Info: These are the values describing the layout:
(typearea)             DIV  = 12
(typearea)             BCOR = 0.0pt
(typearea)             \paperwidth      = 597.50793pt
(typearea)              \textwidth      = 448.13095pt
(typearea)              DIV departure   = -6%
(typearea)              \evensidemargin = 2.4185pt
(typearea)              \oddsidemargin  = 2.4185pt
(typearea)             \paperheight     = 845.04694pt
(typearea)              \textheight     = 635.5pt
(typearea)              \topmargin      = -41.72441pt
(typearea)              \headheight     = 18.125pt
(typearea)              \headsep        = 21.75pt
(typearea)              \topskip        = 12.0pt
(typearea)              \footskip       = 50.75pt
(typearea)              \baselineskip   = 14.5pt
(typearea)              on input line 1133.
)
\c@part=\count80
\c@chapter=\count81
\c@section=\count82
\c@subsection=\count83
\c@subsubsection=\count84
\c@paragraph=\count85
\c@subparagraph=\count86
\abovecaptionskip=\skip45
\belowcaptionskip=\skip46
\c@pti@nb@sid@b@x=\box26
\c@figure=\count87
\c@table=\count88
\bibindent=\dimen102
) (/usr/local/texlive/2010/texmf-dist/tex/latex/fancyhdr/fancyhdr.sty
\fancy@headwidth=\skip47
\f@ncyO@elh=\skip48
\f@ncyO@erh=\skip49
\f@ncyO@olh=\skip50
\f@ncyO@orh=\skip51
\f@ncyO@elf=\skip52
\f@ncyO@erf=\skip53
\f@ncyO@olf=\skip54
\f@ncyO@orf=\skip55
)
(/usr/local/texlive/2010/texmf-dist/tex/latex/base/inputenc.sty
Package: inputenc 2008/03/30 v1.1d Input encoding file
\inpenc@prehook=\toks15
\inpenc@posthook=\toks16

(/usr/local/texlive/2010/texmf-dist/tex/latex/base/latin1.def
File: latin1.def 2008/03/30 v1.1d Input encoding file
))
(/usr/local/texlive/2010/texmf-dist/tex/latex/base/fontenc.sty
Package: fontenc 2005/09/27 v1.99g Standard LaTeX package

(/usr/local/texlive/2010/texmf-dist/tex/latex/base/t1enc.def
File: t1enc.def 2005/09/27 v1.99g Standard LaTeX file
LaTeX Font Info:    Redeclaring font encoding T1 on input line 43.
))
(/usr/local/texlive/2010/texmf-dist/tex/latex/lm/lmodern.sty
Package: lmodern 2009/10/30 v1.6 Latin Modern Fonts
LaTeX Font Info:    Overwriting symbol font `operators' in version `normal'
(Font)                  OT1/cmr/m/n --> OT1/lmr/m/n on input line 22.
LaTeX Font Info:    Overwriting symbol font `letters' in version `normal'
(Font)                  OML/cmm/m/it --> OML/lmm/m/it on input line 23.
LaTeX Font Info:    Overwriting symbol font `symbols' in version `normal'
(Font)                  OMS/cmsy/m/n --> OMS/lmsy/m/n on input line 24.
LaTeX Font Info:    Overwriting symbol font `largesymbols' in version `normal'
(Font)                  OMX/cmex/m/n --> OMX/lmex/m/n on input line 25.
LaTeX Font Info:    Overwriting symbol font `operators' in version `bold'
(Font)                  OT1/cmr/bx/n --> OT1/lmr/bx/n on input line 26.
LaTeX Font Info:    Overwriting symbol font `letters' in version `bold'
(Font)                  OML/cmm/b/it --> OML/lmm/b/it on input line 27.
LaTeX Font Info:    Overwriting symbol font `symbols' in version `bold'
(Font)                  OMS/cmsy/b/n --> OMS/lmsy/b/n on input line 28.
LaTeX Font Info:    Overwriting symbol font `largesymbols' in version `bold'
(Font)                  OMX/cmex/m/n --> OMX/lmex/m/n on input line 29.
LaTeX Font Info:    Overwriting math alphabet `\mathbf' in version `normal'
(Font)                  OT1/cmr/bx/n --> OT1/lmr/bx/n on input line 31.
LaTeX Font Info:    Overwriting math alphabet `\mathsf' in version `normal'
(Font)                  OT1/cmss/m/n --> OT1/lmss/m/n on input line 32.
LaTeX Font Info:    Overwriting math alphabet `\mathit' in version `normal'
(Font)                  OT1/cmr/m/it --> OT1/lmr/m/it on input line 33.
LaTeX Font Info:    Overwriting math alphabet `\mathtt' in version `normal'
(Font)                  OT1/cmtt/m/n --> OT1/lmtt/m/n on input line 34.
LaTeX Font Info:    Overwriting math alphabet `\mathbf' in version `bold'
(Font)                  OT1/cmr/bx/n --> OT1/lmr/bx/n on input line 35.
LaTeX Font Info:    Overwriting math alphabet `\mathsf' in version `bold'
(Font)                  OT1/cmss/bx/n --> OT1/lmss/bx/n on input line 36.
LaTeX Font Info:    Overwriting math alphabet `\mathit' in version `bold'
(Font)                  OT1/cmr/bx/it --> OT1/lmr/bx/it on input line 37.
LaTeX Font Info:    Overwriting math alphabet `\mathtt' in version `bold'
(Font)                  OT1/cmtt/m/n --> OT1/lmtt/m/n on input line 38.
)
(/usr/local/texlive/2010/texmf-dist/tex/generic/german/ngerman.sty
v2.5e 1998-07-08
Package: ngerman 1998/07/08 v2.5e Support for writing german texts (br)
\grmnU@D=\dimen103
ngerman -- \language number for naustrian undefined, default 27 used.
)
(/usr/local/texlive/2010/texmf-dist/tex/latex/subfigure/subfigure.sty
Package: subfigure 2002/03/15 v2.1.5 subfigure package
\subfigtopskip=\skip56
\subfigcapskip=\skip57
\subfigcaptopadj=\dimen104
\subfigbottomskip=\skip58
\subfigcapmargin=\dimen105
\subfiglabelskip=\skip59
\c@subfigure=\count89
\c@lofdepth=\count90
\c@subtable=\count91
\c@lotdepth=\count92

****************************************
* Local config file subfigure.cfg used *
****************************************
(/usr/local/texlive/2010/texmf-dist/tex/latex/subfigure/subfigure.cfg)
\subfig@top=\skip60
\subfig@bottom=\skip61
)
(/usr/local/texlive/2010/texmf-dist/tex/latex/graphics/color.sty
Package: color 2005/11/14 v1.0j Standard LaTeX Color (DPC)

(/usr/local/texlive/2010/texmf-dist/tex/latex/latexconfig/color.cfg
File: color.cfg 2007/01/18 v1.5 color configuration of teTeX/TeXLive
)
Package color Info: Driver file: pdftex.def on input line 130.

(/usr/local/texlive/2010/texmf-dist/tex/latex/pdftex-def/pdftex.def
File: pdftex.def 2010/02/14 v0.04n Graphics/color for pdfTeX
\Gread@gobject=\count93
))
(/usr/local/texlive/2010/texmf-dist/tex/latex/graphics/graphicx.sty
Package: graphicx 1999/02/16 v1.0f Enhanced LaTeX Graphics (DPC,SPQR)

(/usr/local/texlive/2010/texmf-dist/tex/latex/graphics/graphics.sty
Package: graphics 2009/02/05 v1.0o Standard LaTeX Graphics (DPC,SPQR)

(/usr/local/texlive/2010/texmf-dist/tex/latex/graphics/trig.sty
Package: trig 1999/03/16 v1.09 sin cos tan (DPC)
)
(/usr/local/texlive/2010/texmf-dist/tex/latex/latexconfig/graphics.cfg
File: graphics.cfg 2010/04/23 v1.9 graphics configuration of TeX Live
)
Package graphics Info: Driver file: pdftex.def on input line 91.
)
\Gin@req@height=\dimen106
\Gin@req@width=\dimen107
)
(/usr/local/texlive/2010/texmf-dist/tex/latex/hyperref/hyperref.sty
Package: hyperref 2010/06/18 v6.81g Hypertext links for LaTeX

(/usr/local/texlive/2010/texmf-dist/tex/generic/oberdiek/ltxcmds.sty
Package: ltxcmds 2010/04/26 v1.7 LaTeX kernel commands for general use (HO)
)
(/usr/local/texlive/2010/texmf-dist/tex/generic/oberdiek/kvsetkeys.sty
Package: kvsetkeys 2010/03/01 v1.9 Key value parser (HO)

(/usr/local/texlive/2010/texmf-dist/tex/generic/oberdiek/infwarerr.sty
Package: infwarerr 2010/04/08 v1.3 Providing info/warning/message (HO)
)
(/usr/local/texlive/2010/texmf-dist/tex/generic/oberdiek/etexcmds.sty
Package: etexcmds 2010/01/28 v1.3 Prefix for e-TeX command names (HO)
Package etexcmds Info: Could not find \expanded.
(etexcmds)             That can mean that you are not using pdfTeX 1.50 or
(etexcmds)             that some package has redefined \expanded.
(etexcmds)             In the latter case, load this package earlier.
))
(/usr/local/texlive/2010/texmf-dist/tex/generic/oberdiek/pdfescape.sty
Package: pdfescape 2010/03/01 v1.9 Provides hex, PDF name and string conversion
s (HO)

(/usr/local/texlive/2010/texmf-dist/tex/generic/oberdiek/pdftexcmds.sty
Package: pdftexcmds 2010/04/01 v0.9 Utility functions of pdfTeX for LuaTeX (HO)


(/usr/local/texlive/2010/texmf-dist/tex/generic/oberdiek/ifluatex.sty
Package: ifluatex 2010/03/01 v1.3 Provides the ifluatex switch (HO)
Package ifluatex Info: LuaTeX not detected.
)
Package pdftexcmds Info: LuaTeX not detected.
Package pdftexcmds Info: \pdf@primitive is available.
Package pdftexcmds Info: \pdf@ifprimitive is available.
))
(/usr/local/texlive/2010/texmf-dist/tex/generic/oberdiek/ifpdf.sty
Package: ifpdf 2010/01/28 v2.1 Provides the ifpdf switch (HO)
Package ifpdf Info: pdfTeX in pdf mode detected.
)
(/usr/local/texlive/2010/texmf-dist/tex/generic/oberdiek/ifvtex.sty
Package: ifvtex 2010/03/01 v1.5 Switches for detecting VTeX and its modes (HO)
Package ifvtex Info: VTeX not detected.
)
(/usr/local/texlive/2010/texmf-dist/tex/generic/ifxetex/ifxetex.sty
Package: ifxetex 2009/01/23 v0.5 Provides ifxetex conditional
)
(/usr/local/texlive/2010/texmf-dist/tex/latex/oberdiek/hycolor.sty
Package: hycolor 2009/12/12 v1.6 Color options of hyperref/bookmark (HO)

(/usr/local/texlive/2010/texmf-dist/tex/latex/oberdiek/xcolor-patch.sty
Package: xcolor-patch 2009/12/12 xcolor patch
))
(/usr/local/texlive/2010/texmf-dist/tex/latex/oberdiek/letltxmacro.sty
Package: letltxmacro 2008/06/24 v1.3 Let assignment for LaTeX macros (HO)
)
\@linkdim=\dimen108
\Hy@linkcounter=\count94
\Hy@pagecounter=\count95

(/usr/local/texlive/2010/texmf-dist/tex/latex/hyperref/pd1enc.def
File: pd1enc.def 2010/06/18 v6.81g Hyperref: PDFDocEncoding definition (HO)
)
(/usr/local/texlive/2010/texmf-dist/tex/generic/oberdiek/intcalc.sty
Package: intcalc 2007/09/27 v1.1 Expandable integer calculations (HO)
)
(/usr/local/texlive/2010/texmf-dist/tex/latex/latexconfig/hyperref.cfg
File: hyperref.cfg 2002/06/06 v1.2 hyperref configuration of TeXLive
)
(/usr/local/texlive/2010/texmf-dist/tex/latex/oberdiek/kvoptions.sty
Package: kvoptions 2010/02/22 v3.7 Keyval support for LaTeX options (HO)
)
Package hyperref Info: Option `bookmarks' set `true' on input line 3577.
Package hyperref Info: Hyper figures OFF on input line 3658.
Package hyperref Info: Link nesting OFF on input line 3663.
Package hyperref Info: Hyper index ON on input line 3666.
Package hyperref Info: Plain pages OFF on input line 3673.
Package hyperref Info: Backreferencing OFF on input line 3678.

Implicit mode ON; LaTeX internals redefined
Package hyperref Info: Bookmarks ON on input line 3874.
(/usr/local/texlive/2010/texmf-dist/tex/latex/url/url.sty
\Urlmuskip=\muskip10
Package: url 2006/04/12  ver 3.3  Verb mode for urls, etc.
)
LaTeX Info: Redefining \url on input line 4159.

(/usr/local/texlive/2010/texmf-dist/tex/generic/oberdiek/bitset.sty
Package: bitset 2007/09/28 v1.0 Data type bit set (HO)

(/usr/local/texlive/2010/texmf-dist/tex/generic/oberdiek/bigintcalc.sty
Package: bigintcalc 2007/11/11 v1.1 Expandable big integer calculations (HO)
))
\Fld@menulength=\count96
\Field@Width=\dimen109
\Fld@charsize=\dimen110
\Field@toks=\toks17
Package hyperref Info: Hyper figures OFF on input line 5137.
Package hyperref Info: Link nesting OFF on input line 5142.
Package hyperref Info: Hyper index ON on input line 5145.
Package hyperref Info: backreferencing OFF on input line 5152.
Package hyperref Info: Link coloring OFF on input line 5157.
Package hyperref Info: Link coloring with OCG OFF on input line 5162.
Package hyperref Info: PDF/A mode OFF on input line 5167.
LaTeX Info: Redefining \ref on input line 5207.
LaTeX Info: Redefining \pageref on input line 5211.

(/usr/local/texlive/2010/texmf-dist/tex/generic/oberdiek/atbegshi.sty
Package: atbegshi 2010/03/25 v1.12 At begin shipout hook (HO)
)
\Hy@abspage=\count97
\c@Item=\count98
\c@Hfootnote=\count99
)
* hyperref using driver hpdftex *
(/usr/local/texlive/2010/texmf-dist/tex/latex/hyperref/hpdftex.def
File: hpdftex.def 2010/06/18 v6.81g Hyperref driver for pdfTeX

(/usr/local/texlive/2010/texmf-dist/tex/latex/oberdiek/atveryend.sty
Package: atveryend 2010/03/24 v1.5 Hooks at very end of document (HO)
Package atveryend Info: \enddocument detected (standard).
)
\Fld@listcount=\count100
\c@bookmark@seq@number=\count101

(/usr/local/texlive/2010/texmf-dist/tex/latex/oberdiek/rerunfilecheck.sty
Package: rerunfilecheck 2010/03/16 v1.6 Rerun checks for auxiliary files (HO)

(/usr/local/texlive/2010/texmf-dist/tex/generic/oberdiek/uniquecounter.sty
Package: uniquecounter 2009/12/18 v1.1 Provides unlimited unique counter (HO)
)
Package uniquecounter Info: New unique counter `rerunfilecheck' on input line 2
71.
)
\Hy@SectionHShift=\skip62
)
(./11-102_ArneLandwehr_V1.0.aux)
\openout1 = `11-102_ArneLandwehr_V1.0.aux'.

LaTeX Font Info:    Checking defaults for OML/cmm/m/it on input line 16.
LaTeX Font Info:    ... okay on input line 16.
LaTeX Font Info:    Checking defaults for T1/cmr/m/n on input line 16.
LaTeX Font Info:    ... okay on input line 16.
LaTeX Font Info:    Checking defaults for OT1/cmr/m/n on input line 16.
LaTeX Font Info:    ... okay on input line 16.
LaTeX Font Info:    Checking defaults for OMS/cmsy/m/n on input line 16.
LaTeX Font Info:    ... okay on input line 16.
LaTeX Font Info:    Checking defaults for OMX/cmex/m/n on input line 16.
LaTeX Font Info:    ... okay on input line 16.
LaTeX Font Info:    Checking defaults for U/cmr/m/n on input line 16.
LaTeX Font Info:    ... okay on input line 16.
LaTeX Font Info:    Checking defaults for PD1/pdf/m/n on input line 16.
LaTeX Font Info:    ... okay on input line 16.
LaTeX Font Info:    Try loading font information for T1+lmr on input line 16.

(/usr/local/texlive/2010/texmf-dist/tex/latex/lm/t1lmr.fd
File: t1lmr.fd 2009/10/30 v1.6 Font defs for Latin Modern
)
(/usr/local/texlive/2010/texmf-dist/tex/context/base/supp-pdf.mkii
[Loading MPS to PDF converter (version 2006.09.02).]
\scratchcounter=\count102
\scratchdimen=\dimen111
\scratchbox=\box27
\nofMPsegments=\count103
\nofMParguments=\count104
\everyMPshowfont=\toks18
\MPscratchCnt=\count105
\MPscratchDim=\dimen112
\MPnumerator=\count106
\everyMPtoPDFconversion=\toks19
) (/usr/local/texlive/2010/texmf-dist/tex/latex/oberdiek/epstopdf-base.sty
Package: epstopdf-base 2010/02/09 v2.5 Base part for package epstopdf

(/usr/local/texlive/2010/texmf-dist/tex/latex/oberdiek/grfext.sty
Package: grfext 2007/09/30 v1.0 Managing graphics extensions (HO)
)
Package grfext Info: Graphics extension search list:
(grfext)             [.png,.pdf,.jpg,.mps,.jpeg,.jbig2,.jb2,.PNG,.PDF,.JPG,.JPE
G,.JBIG2,.JB2,.eps]
(grfext)             \AppendGraphicsExtensions on input line 436.

(/usr/local/texlive/2010/texmf-dist/tex/latex/latexconfig/epstopdf-sys.cfg
File: epstopdf-sys.cfg 2010/07/13 v1.3 Configuration of (r)epstopdf for TeX Liv
e
))
\AtBeginShipoutBox=\box28
Package hyperref Info: Link coloring OFF on input line 16.

(/usr/local/texlive/2010/texmf-dist/tex/latex/hyperref/nameref.sty
Package: nameref 2010/04/30 v2.40 Cross-referencing by name of section

(/usr/local/texlive/2010/texmf-dist/tex/latex/oberdiek/refcount.sty
Package: refcount 2008/08/11 v3.1 Data extraction from references (HO)
)
(/usr/local/texlive/2010/texmf-dist/tex/generic/oberdiek/gettitlestring.sty
Package: gettitlestring 2009/12/18 v1.3 Cleanup title references (HO)
)
\c@section@level=\count107
)
LaTeX Info: Redefining \ref on input line 16.
LaTeX Info: Redefining \pageref on input line 16.
LaTeX Info: Redefining \nameref on input line 16.

(./11-102_ArneLandwehr_V1.0.out) (./11-102_ArneLandwehr_V1.0.out)
\@outlinefile=\write3
\openout3 = `11-102_ArneLandwehr_V1.0.out'.


(./Abschnitte/Titel.tex
<Bilder/phoenics_logo.pdf, id=123, 220.825pt x 220.825pt>
File: Bilder/phoenics_logo.pdf Graphic file (type pdf)

<use Bilder/phoenics_logo.pdf>
Underfull \hbox (badness 10000) in paragraph at lines 14--25

 []


Underfull \hbox (badness 10000) in paragraph at lines 14--25

 []


Underfull \hbox (badness 10000) in paragraph at lines 14--25

 []


Underfull \hbox (badness 10000) in paragraph at lines 14--25

 []


Underfull \hbox (badness 10000) in paragraph at lines 14--25

 []


Underfull \hbox (badness 10000) in paragraph at lines 14--25

 []

[1



{/usr/local/texlive/2010/texmf-var/fonts/map/pdftex/updmap/pdftex.map} <./Bilde
r/phoenics_logo.pdf>])
LaTeX Font Info:    Try loading font information for T1+lmss on input line 24.

(/usr/local/texlive/2010/texmf-dist/tex/latex/lm/t1lmss.fd
File: t1lmss.fd 2009/10/30 v1.6 Font defs for Latin Modern
)
(./11-102_ArneLandwehr_V1.0.toc
LaTeX Font Info:    Try loading font information for OT1+lmr on input line 2.

(/usr/local/texlive/2010/texmf-dist/tex/latex/lm/ot1lmr.fd
File: ot1lmr.fd 2009/10/30 v1.6 Font defs for Latin Modern
)
LaTeX Font Info:    Try loading font information for OML+lmm on input line 2.

(/usr/local/texlive/2010/texmf-dist/tex/latex/lm/omllmm.fd
File: omllmm.fd 2009/10/30 v1.6 Font defs for Latin Modern
)
LaTeX Font Info:    Try loading font information for OMS+lmsy on input line 2.

(/usr/local/texlive/2010/texmf-dist/tex/latex/lm/omslmsy.fd
File: omslmsy.fd 2009/10/30 v1.6 Font defs for Latin Modern
)
LaTeX Font Info:    Try loading font information for OMX+lmex on input line 2.

(/usr/local/texlive/2010/texmf-dist/tex/latex/lm/omxlmex.fd
File: omxlmex.fd 2009/10/30 v1.6 Font defs for Latin Modern
)
LaTeX Font Info:    External font `lmex10' loaded for size
(Font)              <12> on input line 2.
LaTeX Font Info:    External font `lmex10' loaded for size
(Font)              <8> on input line 2.
LaTeX Font Info:    External font `lmex10' loaded for size
(Font)              <6> on input line 2.
 [2



])
\tf@toc=\write4
\openout4 = `11-102_ArneLandwehr_V1.0.toc'.

 [3]
<Bilder/projektsteckbrief.pdf, id=183, 457.04456pt x 647.21118pt>
File: Bilder/projektsteckbrief.pdf Graphic file (type pdf)

<use Bilder/projektsteckbrief.pdf>

LaTeX Warning: Float too large for page by 19.32701pt on input line 39.


LaTeX Warning: `h' float specifier changed to `ht'.

pdfTeX warning (ext4): destination with the same identifier (name{page.1}) has 
been already used, duplicate ignored
<to be read again> 
                   \relax 
l.41 \chapter
             {Projekt/ Projektziele} [1 <./Bilder/projektsteckbrief.pdf>]
Kapitel 1.

Underfull \hbox (badness 10000) in paragraph at lines 47--74

 []


Underfull \hbox (badness 10000) in paragraph at lines 47--74

 []


Underfull \hbox (badness 10000) in paragraph at lines 47--74

 []


Underfull \hbox (badness 10000) in paragraph at lines 47--74

 []


Underfull \hbox (badness 10000) in paragraph at lines 47--74

 []


Underfull \hbox (badness 10000) in paragraph at lines 47--74

 []

pdfTeX warning (ext4): destination with the same identifier (name{page.2}) has 
been already used, duplicate ignored
<to be read again> 
                   \relax 
l.74 
      [2



] <Bilder/ziele_baum.pdf, id=230, 1060.21094pt x 1024.83076pt>
File: Bilder/ziele_baum.pdf Graphic file (type pdf)

<use Bilder/ziele_baum.pdf>
Underfull \hbox (badness 10000) in paragraph at lines 77--91

 []

pdfTeX warning (ext4): destination with the same identifier (name{page.3}) has 
been already used, duplicate ignored
<to be read again> 
                   \relax 
l.91 \begin{description}
                         [3] [4 <./Bilder/ziele_baum.pdf>]
<Bilder/zielbeziehungen.pdf, id=671, 920.24785pt x 550.055pt>
File: Bilder/zielbeziehungen.pdf Graphic file (type pdf)

<use Bilder/zielbeziehungen.pdf> [5 <./Bilder/zielbeziehungen.pdf>]
<Bilder/ziele_liste.pdf, id=704, 852.18375pt x 1006.76125pt>
File: Bilder/ziele_liste.pdf Graphic file (type pdf)

<use Bilder/ziele_liste.pdf>

LaTeX Warning: Float too large for page by 19.30219pt on input line 121.

[6] [7 <./Bilder/ziele_liste.pdf>]
Kapitel 2.
<Bilder/projektumfeld.pdf, id=740, 464.7758pt x 416.55624pt>
File: Bilder/projektumfeld.pdf Graphic file (type pdf)

<use Bilder/projektumfeld.pdf>
<Bilder/schnittstellen.pdf, id=743, 874.26625pt x 416.55624pt>
File: Bilder/schnittstellen.pdf Graphic file (type pdf)

<use Bilder/schnittstellen.pdf>
Underfull \hbox (badness 10000) in paragraph at lines 131--152

 []


Underfull \hbox (badness 10000) in paragraph at lines 131--152

 []


Underfull \hbox (badness 10000) in paragraph at lines 131--152

 []

[8


] [9 <./Bilder/projektumfeld.pdf>]
Overfull \hbox (6.34013pt too wide) in paragraph at lines 155--156
[]\T1/lmr/m/n/12 Durch die Ver-ein-heit-
 []

<Bilder/stakeholder.pdf, id=777, 800.91046pt x 918.43124pt>
File: Bilder/stakeholder.pdf Graphic file (type pdf)

<use Bilder/stakeholder.pdf>
<Bilder/stakeholder_portfolio.pdf, id=783, 909.3975pt x 604.2575pt>
File: Bilder/stakeholder_portfolio.pdf Graphic file (type pdf)

<use Bilder/stakeholder_portfolio.pdf>
Underfull \hbox (badness 10000) in paragraph at lines 166--182

 []


Underfull \hbox (badness 10000) in paragraph at lines 166--182

 []


Underfull \hbox (badness 10000) in paragraph at lines 166--182

 []

[10 <./Bilder/schnittstellen.pdf>] [11 <./Bilder/stakeholder.pdf>] [12 <./Bilde
r/stakeholder_portfolio.pdf>] [13]
Kapitel 3.

Underfull \hbox (badness 10000) in paragraph at lines 203--207

 []


Underfull \hbox (badness 10000) in paragraph at lines 210--215

 []

[14


]
Overfull \hbox (18.18185pt too wide) in paragraph at lines 219--220
[]\T1/lmr/m/n/12 Das Ri-si-ko bein-hal-tet einen even-tu-el-len Ressourcen-Engp
ass. 
 []

<Bilder/risiken_uebersicht.pdf, id=880, 745.6098pt x 1165.35374pt>
File: Bilder/risiken_uebersicht.pdf Graphic file (type pdf)

<use Bilder/risiken_uebersicht.pdf>

LaTeX Warning: Float too large for page by 33.54974pt on input line 227.

<Bilder/risiken_bewertung.pdf, id=883, 634.48854pt x 431.6125pt>
File: Bilder/risiken_bewertung.pdf Graphic file (type pdf)

<use Bilder/risiken_bewertung.pdf>
<Bilder/risiken_massnahmen.pdf, id=885, 1050.92625pt x 879.285pt>
File: Bilder/risiken_massnahmen.pdf Graphic file (type pdf)

<use Bilder/risiken_massnahmen.pdf>
<Bilder/risiken_portfolio.pdf, id=887, 959.585pt x 701.7719pt>
File: Bilder/risiken_portfolio.pdf Graphic file (type pdf)

<use Bilder/risiken_portfolio.pdf>

Package Fancyhdr Warning: \headheight is too small (18.125pt): 
 Make it at least 27.11652pt.
 We now make it that large for the rest of the document.
 This may cause the page layout to be inconsistent, however.

[15] [16 <./Bilder/risiken_uebersicht.pdf>] [17 <./Bilder/risiken_bewertung.pdf
>] [18 <./Bilder/risiken_massnahmen.pdf>] [19 <./Bilder/risiken_portfolio.pdf>]
Kapitel 4.

Underfull \hbox (badness 10000) in paragraph at lines 273--277

 []

<Bilder/organigramm.pdf, id=1191, 765.86125pt x 2132.46687pt>
File: Bilder/organigramm.pdf Graphic file (type pdf)

<use Bilder/organigramm.pdf>

LaTeX Warning: Float too large for page by 33.51805pt on input line 289.

<Bilder/rollen.pdf, id=1193, 742.775pt x 496.85625pt>
File: Bilder/rollen.pdf Graphic file (type pdf)
 <use Bilder/rollen.pdf>
[20


]
Underfull \hbox (badness 10000) in paragraph at lines 298--303

 []


Underfull \hbox (badness 10000) in paragraph at lines 298--303

 []


Underfull \hbox (badness 10000) in paragraph at lines 298--303

 []

[21] [22 <./Bilder/organigramm.pdf>] [23 <./Bilder/rollen.pdf>]
<Bilder/kommunikationsmatrix.pdf, id=1639, 1094.0875pt x 1738.65257pt>
File: Bilder/kommunikationsmatrix.pdf Graphic file (type pdf)

<use Bilder/kommunikationsmatrix.pdf>

LaTeX Warning: Float too large for page by 33.53746pt on input line 328.

<Bilder/eskalationsweg.pdf, id=1642, 1251.64415pt x 519.9425pt>
File: Bilder/eskalationsweg.pdf Graphic file (type pdf)

<use Bilder/eskalationsweg.pdf>
Underfull \hbox (badness 10000) in paragraph at lines 319--337

 []


Underfull \hbox (badness 10000) in paragraph at lines 319--337

 []

[24] [25 <./Bilder/kommunikationsmatrix.pdf>] [26 <./Bilder/eskalationsweg.pdf>
]
Kapitel 5.

Underfull \hbox (badness 10000) in paragraph at lines 339--345

 []


Underfull \hbox (badness 10000) in paragraph at lines 339--345

 []


LaTeX Warning: Reference `sec:Einsatzmittelbedarf' on page 27 undefined on inpu
t line 351.


Underfull \hbox (badness 10000) in paragraph at lines 347--353

 []

[27


] <Bilder/phasenliste.pdf, id=1933, 1004.75375pt x 385.44pt>
File: Bilder/phasenliste.pdf Graphic file (type pdf)

<use Bilder/phasenliste.pdf>
Underfull \hbox (badness 10000) in paragraph at lines 370--372

 []

<Bilder/meilensteine.pdf, id=1934, 724.74707pt x 498.86375pt>
File: Bilder/meilensteine.pdf Graphic file (type pdf)

<use Bilder/meilensteine.pdf> [28 <./Bilder/phasenliste.pdf>] [29 <./Bilder/mei
lensteine.pdf>] <Bilder/phasenplan.pdf, id=1997, 845.1575pt x 597.45204pt>
File: Bilder/phasenplan.pdf Graphic file (type pdf)

<use Bilder/phasenplan.pdf> [30 <./Bilder/phasenplan.pdf>]
Kapitel 6.

Underfull \hbox (badness 10000) in paragraph at lines 396--400

 []

<Bilder/psp.pdf, id=2016, 1220.91338pt x 1849.40938pt>
File: Bilder/psp.pdf Graphic file (type pdf)
 <use Bilder/psp.pdf>

LaTeX Warning: Float too large for page by 19.31894pt on input line 417.

[31


] [32 <./Bilder/psp.pdf>]
<Bilder/arbeitspaket1.pdf, id=2810, 724.7075pt x 659.46375pt>
File: Bilder/arbeitspaket1.pdf Graphic file (type pdf)

<use Bilder/arbeitspaket1.pdf>
<Bilder/arbeitspaket2.pdf, id=2811, 724.7075pt x 722.7pt>
File: Bilder/arbeitspaket2.pdf Graphic file (type pdf)

<use Bilder/arbeitspaket2.pdf> [33 <./Bilder/arbeitspaket1.pdf>] [34 <./Bilder/
arbeitspaket2.pdf>]
Kapitel 7.
<Bilder/vorgangsliste.pdf, id=2880, 1014.79124pt x 1031.855pt>
File: Bilder/vorgangsliste.pdf Graphic file (type pdf)

<use Bilder/vorgangsliste.pdf>

LaTeX Warning: Float too large for page by 19.33255pt on input line 449.

<Bilder/balkenplan.pdf, id=2883, 597.45204pt x 549.8717pt>
File: Bilder/balkenplan.pdf Graphic file (type pdf)

<use Bilder/balkenplan.pdf> [35


] [36 <./Bilder/vorgangsliste.pdf>] [37 <./Bilder/balkenplan.pdf>]
Kapitel 8.

LaTeX Warning: Reference `cahp:psp' on page 38 undefined on input line 465.

[38


]
Overfull \hbox (8.76668pt too wide) in paragraph at lines 477--478
\T1/lmr/m/n/12 po-nen-te Bei-trag aus-kennt. Wird so-wohl zur Neu-ent-wick-lung
 der Kun-denan-fordeurng,
 []


Overfull \hbox (3.65398pt too wide) in paragraph at lines 478--479
[]\T1/lmr/m/n/12 Sotwareentwickler der sich sehr gut in der ''Pheo-
 []


LaTeX Warning: Reference `tab:vorgang_ressourcen' on page 39 undefined on input
 line 482.

<Bilder/vorgang_ressourcen.pdf, id=2933, 832.10875pt x 1193.45876pt>
File: Bilder/vorgang_ressourcen.pdf Graphic file (type pdf)

<use Bilder/vorgang_ressourcen.pdf>

LaTeX Warning: Float too large for page by 36.07816pt on input line 488.


Underfull \hbox (badness 10000) in paragraph at lines 490--496

 []

<Bilder/einsatzmittel.pdf, id=2937, 796.9775pt x 204.765pt>
File: Bilder/einsatzmittel.pdf Graphic file (type pdf)

<use Bilder/einsatzmittel.pdf>

LaTeX Warning: Reference `tab:stundensaetze' on page 39 undefined on input line
 509.

[39] [40 <./Bilder/vorgang_ressourcen.pdf>]

LaTeX Warning: Reference `acc:kostensumme' on page 41 undefined on input line 5
14.

<Bilder/kosten.pdf, id=2963, 867.24pt x 1193.45876pt>
File: Bilder/kosten.pdf Graphic file (type pdf)
 <use Bilder/kosten.pdf>

LaTeX Warning: Float too large for page by 10.05508pt on input line 520.

<Bilder/kostengang.pdf, id=2964, 1383.1675pt x 278.03876pt>
File: Bilder/kostengang.pdf Graphic file (type pdf)

<use Bilder/kostengang.pdf>
<Bilder/kostensumme.pdf, id=2965, 1401.235pt x 278.03876pt>
File: Bilder/kostensumme.pdf Graphic file (type pdf)

<use Bilder/kostensumme.pdf> [41 <./Bilder/einsatzmittel.pdf>] [42 <./Bilder/ko
sten.pdf>] [43 <./Bilder/kostengang.pdf> <./Bilder/kostensumme.pdf>]
Kapitel 9.

LaTeX Warning: Reference `sec:kreativitaet' on page 44 undefined on input line 
536.


Underfull \hbox (badness 10000) in paragraph at lines 540--547

 []


Overfull \hbox (1.07376pt too wide) in paragraph at lines 550--551
[]\T1/lmr/m/n/12 Kreative Ide-en kön-nen nicht ver-mit-telt wer-den. DIe
 []

[44


]
Underfull \hbox (badness 10000) in paragraph at lines 570--584

 []


Underfull \hbox (badness 10000) in paragraph at lines 570--584

 []


Underfull \hbox (badness 10000) in paragraph at lines 570--584

 []

[45] [46]
Kapitel 10.
[47


] (./11-102_ArneLandwehr_V1.0.lof)
\tf@lof=\write5
\openout5 = `11-102_ArneLandwehr_V1.0.lof'.

 [48


] (./11-102_ArneLandwehr_V1.0.lot)
\tf@lot=\write6
\openout6 = `11-102_ArneLandwehr_V1.0.lot'.

Package atveryend Info: Empty hook `BeforeClearDocument' on input line 608.

[49


]
Package atveryend Info: Empty hook `AfterLastShipout' on input line 608.
 (./11-102_ArneLandwehr_V1.0.aux)
Package atveryend Info: Executing hook `AtVeryEndDocument' on input line 608.
Package rerunfilecheck Info: File `11-102_ArneLandwehr_V1.0.out' has not change
d.
(rerunfilecheck)             Checksum: 7703F87AAEF32400BD91FFBA7456854B;1953.


LaTeX Warning: There were undefined references.

 ) 
Here is how much of TeX's memory you used:
 7083 strings out of 493747
 109832 string characters out of 3143546
 206815 words of memory out of 3000000
 10065 multiletter control sequences out of 15000+200000
 47852 words of font info for 37 fonts, out of 3000000 for 9000
 714 hyphenation exceptions out of 8191
 37i,11n,45p,895b,412s stack positions out of 5000i,500n,10000p,200000b,50000s
{/usr/local/texlive/2010/texmf-dist/fonts/enc/dvips/lm/lm-ec.enc}</usr/local/
texlive/2010/texmf-dist/fonts/type1/public/lm/lmbx12.pfb></usr/local/texlive/20
10/texmf-dist/fonts/type1/public/lm/lmr12.pfb></usr/local/texlive/2010/texmf-di
st/fonts/type1/public/lm/lmr17.pfb></usr/local/texlive/2010/texmf-dist/fonts/ty
pe1/public/lm/lmro12.pfb></usr/local/texlive/2010/texmf-dist/fonts/type1/public
/lm/lmssbx10.pfb>
Output written on 11-102_ArneLandwehr_V1.0.pdf (52 pages, 4423285 bytes).
PDF statistics:
 3144 PDF objects out of 3580 (max. 8388607)
 2125 compressed objects within 22 object streams
 135 named destinations out of 1000 (max. 500000)
 391 words of extra memory for PDF output out of 10000 (max. 10000000)

